D:\BAIDUYUNDOWNLOAD\TSSG_CODE\TRUNK\SOURCE\SERVER2\TOOLS\TBLCODER\OUTPUT\TBLCODER.EXE
D:\BAIDUYUNDOWNLOAD\TSSG_CODE\TRUNK\SOURCE\SERVER2\TOOLS\TBLCODER\OUTPUT\TBLCODER.ILK
D:\BaiduYunDownload\TSSG_CODE\trunk\source\server2\tools\tblcoder\output\tblcoder\Debug\cl.command.1.tlog
D:\BaiduYunDownload\TSSG_CODE\trunk\source\server2\tools\tblcoder\output\tblcoder\Debug\CL.read.1.tlog
D:\BaiduYunDownload\TSSG_CODE\trunk\source\server2\tools\tblcoder\output\tblcoder\Debug\CL.write.1.tlog
D:\BAIDUYUNDOWNLOAD\TSSG_CODE\TRUNK\SOURCE\SERVER2\TOOLS\TBLCODER\OUTPUT\TBLCODER\DEBUG\COMPILER.OBJ
D:\BaiduYunDownload\TSSG_CODE\trunk\source\server2\tools\tblcoder\output\tblcoder\Debug\link.command.1.tlog
D:\BaiduYunDownload\TSSG_CODE\trunk\source\server2\tools\tblcoder\output\tblcoder\Debug\link.read.1.tlog
D:\BaiduYunDownload\TSSG_CODE\trunk\source\server2\tools\tblcoder\output\tblcoder\Debug\link.write.1.tlog
D:\BaiduYunDownload\TSSG_CODE\trunk\source\server2\tools\tblcoder\output\tblcoder\Debug\link-cvtres.read.1.tlog
D:\BaiduYunDownload\TSSG_CODE\trunk\source\server2\tools\tblcoder\output\tblcoder\Debug\link-cvtres.write.1.tlog
D:\BAIDUYUNDOWNLOAD\TSSG_CODE\TRUNK\SOURCE\SERVER2\TOOLS\TBLCODER\OUTPUT\TBLCODER\DEBUG\MARKUPSTL.OBJ
D:\BaiduYunDownload\TSSG_CODE\trunk\source\server2\tools\tblcoder\output\tblcoder\Debug\mt.command.1.tlog
D:\BaiduYunDownload\TSSG_CODE\trunk\source\server2\tools\tblcoder\output\tblcoder\Debug\mt.read.1.tlog
D:\BaiduYunDownload\TSSG_CODE\trunk\source\server2\tools\tblcoder\output\tblcoder\Debug\mt.write.1.tlog
D:\BAIDUYUNDOWNLOAD\TSSG_CODE\TRUNK\SOURCE\SERVER2\TOOLS\TBLCODER\OUTPUT\TBLCODER\DEBUG\PARSER.OBJ
D:\BAIDUYUNDOWNLOAD\TSSG_CODE\TRUNK\SOURCE\SERVER2\TOOLS\TBLCODER\OUTPUT\TBLCODER\DEBUG\PROPCOMPILER.OBJ
D:\BaiduYunDownload\TSSG_CODE\trunk\source\server2\tools\tblcoder\output\tblcoder\Debug\rc.command.1.tlog
D:\BaiduYunDownload\TSSG_CODE\trunk\source\server2\tools\tblcoder\output\tblcoder\Debug\rc.read.1.tlog
D:\BaiduYunDownload\TSSG_CODE\trunk\source\server2\tools\tblcoder\output\tblcoder\Debug\rc.write.1.tlog
D:\BAIDUYUNDOWNLOAD\TSSG_CODE\TRUNK\SOURCE\SERVER2\TOOLS\TBLCODER\OUTPUT\TBLCODER\DEBUG\STDAFX.OBJ
D:\BAIDUYUNDOWNLOAD\TSSG_CODE\TRUNK\SOURCE\SERVER2\TOOLS\TBLCODER\OUTPUT\TBLCODER\DEBUG\TBLCODER.EXE.EMBED.MANIFEST
D:\BAIDUYUNDOWNLOAD\TSSG_CODE\TRUNK\SOURCE\SERVER2\TOOLS\TBLCODER\OUTPUT\TBLCODER\DEBUG\TBLCODER.EXE.EMBED.MANIFEST.RES
D:\BAIDUYUNDOWNLOAD\TSSG_CODE\TRUNK\SOURCE\SERVER2\TOOLS\TBLCODER\OUTPUT\TBLCODER\DEBUG\TBLCODER.EXE.INTERMEDIATE.MANIFEST
D:\BAIDUYUNDOWNLOAD\TSSG_CODE\TRUNK\SOURCE\SERVER2\TOOLS\TBLCODER\OUTPUT\TBLCODER\DEBUG\TBLCODER.OBJ
D:\BAIDUYUNDOWNLOAD\TSSG_CODE\TRUNK\SOURCE\SERVER2\TOOLS\TBLCODER\OUTPUT\TBLCODER\DEBUG\TBLCODER.PCH
D:\BAIDUYUNDOWNLOAD\TSSG_CODE\TRUNK\SOURCE\SERVER2\TOOLS\TBLCODER\OUTPUT\TBLCODER\DEBUG\TBLCODER.PDB
D:\BAIDUYUNDOWNLOAD\TSSG_CODE\TRUNK\SOURCE\SERVER2\TOOLS\TBLCODER\OUTPUT\TBLCODER\DEBUG\TBLCODER.RES
D:\BaiduYunDownload\TSSG_CODE\trunk\source\server2\tools\tblcoder\output\tblcoder\Debug\tblcoder_manifest.rc
D:\BAIDUYUNDOWNLOAD\TSSG_CODE\TRUNK\SOURCE\SERVER2\TOOLS\TBLCODER\OUTPUT\TBLCODER\DEBUG\TBLCODERDLG.OBJ
D:\BaiduYunDownload\TSSG_CODE\trunk\source\server2\tools\tblcoder\output\tblcoder\Debug\vc100.idb
D:\BAIDUYUNDOWNLOAD\TSSG_CODE\TRUNK\SOURCE\SERVER2\TOOLS\TBLCODER\OUTPUT\TBLCODER\DEBUG\VC100.PDB
